[29-Dec-2022 17:29:40 UTC] HTTP 404 (GET /favicon.ico)
[29-Dec-2022 17:29:40 UTC] [vendor/bcosca/fatfree/lib/base.php:1716] Base->error()
[29-Dec-2022 17:29:40 UTC] [index.php:35] Base->run()
[29-Dec-2022 17:29:42 UTC] HTTP 404 (GET /favicon.ico)
[29-Dec-2022 17:29:42 UTC] [vendor/bcosca/fatfree/lib/base.php:1716] Base->error()
[29-Dec-2022 17:29:42 UTC] [index.php:35] Base->run()
[29-Dec-2022 17:29:55 UTC] HTTP 404 (GET /favicon.ico)
[29-Dec-2022 17:29:55 UTC] [vendor/bcosca/fatfree/lib/base.php:1716] Base->error()
[29-Dec-2022 17:29:55 UTC] [index.php:35] Base->run()
[29-Dec-2022 17:32:59 UTC] HTTP 404 (GET //var/www/html)
[29-Dec-2022 17:33:00 UTC] [vendor/bcosca/fatfree/lib/base.php:1787] Base->error()
[29-Dec-2022 17:33:00 UTC] [index.php:35] Base->run()
[29-Dec-2022 17:33:00 UTC] HTTP 404 (GET //favicon.ico)
[29-Dec-2022 17:33:00 UTC] [vendor/bcosca/fatfree/lib/base.php:1787] Base->error()
[29-Dec-2022 17:33:00 UTC] [index.php:35] Base->run()
[29-Dec-2022 17:33:00 UTC] HTTP 404 (GET //favicon.ico)
[29-Dec-2022 17:33:00 UTC] [vendor/bcosca/fatfree/lib/base.php:1787] Base->error()
[29-Dec-2022 17:33:00 UTC] [index.php:35] Base->run()
[29-Dec-2022 17:33:05 UTC] HTTP 404 (GET /var/www/html)
[29-Dec-2022 17:33:05 UTC] [vendor/bcosca/fatfree/lib/base.php:1716] Base->error()
[29-Dec-2022 17:33:05 UTC] [index.php:35] Base->run()
[29-Dec-2022 17:33:05 UTC] HTTP 404 (GET /favicon.ico)
[29-Dec-2022 17:33:05 UTC] [vendor/bcosca/fatfree/lib/base.php:1716] Base->error()
[29-Dec-2022 17:33:05 UTC] [index.php:35] Base->run()
[29-Dec-2022 17:33:08 UTC] HTTP 404 (GET /favicon.ico)
[29-Dec-2022 17:33:08 UTC] [vendor/bcosca/fatfree/lib/base.php:1716] Base->error()
[29-Dec-2022 17:33:08 UTC] [index.php:35] Base->run()
[29-Dec-2022 17:34:30 UTC] HTTP 404 (GET /favicon.ico)
[29-Dec-2022 17:34:31 UTC] [vendor/bcosca/fatfree/lib/base.php:1716] Base->error()
[29-Dec-2022 17:34:31 UTC] [index.php:35] Base->run()
